
Showing logs for build [32mcb-kubecd-environment-pr-1154-1-x2qt8-1[0m stage [32mfrom-build-pack[0m and container [32mstep-credential-initializer-2z7wv[0m
{"level":"warn","ts":1580216682.1805174,"logger":"fallback-logger","caller":"logging/config.go:69","msg":"Fetch GitHub commit ID from kodata failed: \"ref: refs/heads/0.8.0-**-support-backwards-incompats\" is not a valid GitHub commit ID"}
{"level":"info","ts":1580216682.1816072,"logger":"fallback-logger","caller":"creds-init/main.go:40","msg":"Credentials initialized."}

Showing logs for build [32mcb-kubecd-environment-pr-1154-1-x2qt8-1[0m stage [32mfrom-build-pack[0m and container [32mstep-working-dir-initializer-vhmqf[0m
{"level":"warn","ts":1580216683.5489962,"logger":"fallback-logger","caller":"logging/config.go:69","msg":"Fetch GitHub commit ID from kodata failed: open /var/run/ko/HEAD: no such file or directory"}
{"level":"info","ts":1580216683.5510097,"logger":"fallback-logger","caller":"bash/main.go:64","msg":"Successfully executed command \"sh -c mkdir -p /workspace/source\"; output "}

Showing logs for build [32mcb-kubecd-environment-pr-1154-1-x2qt8-1[0m stage [32mfrom-build-pack[0m and container [32mstep-place-tools[0m

Showing logs for build [32mcb-kubecd-environment-pr-1154-1-x2qt8-1[0m stage [32mfrom-build-pack[0m and container [32mstep-git-source-cb-kubecd-environment-pr-1154-1-k2dp4[0m
{"level":"warn","ts":1580216687.6839406,"logger":"fallback-logger","caller":"logging/config.go:69","msg":"Fetch GitHub commit ID from kodata failed: \"ref: refs/heads/0.8.0-**-support-backwards-incompats\" is not a valid GitHub commit ID"}
{"level":"info","ts":1580216688.6922371,"logger":"fallback-logger","caller":"git/git.go:103","msg":"Successfully cloned https://github.com/cb-kubecd/environment-pr-1154-12-bdd-frontend-staging.git @ master in path /workspace/source"}

Showing logs for build [32mcb-kubecd-environment-pr-1154-1-x2qt8-1[0m stage [32mfrom-build-pack[0m and container [32mstep-git-merge[0m
Using SHAs from PULL_REFS=master:5b3eb25a9ffaecbc110b860ef681fe0c2d235d46,1:8f1defd177e63e500eef01ce7b58d91423daeae1
DEBUG: LC_ALL=C JX_LOG_LEVEL=error git fetch origin --unshallow 8f1defd177e63e500eef01ce7b58d91423daeae1: 5b3eb25a9ffaecbc110b860ef681fe0c2d235d46:
DEBUG: ran git fetch --unshallow origin 8f1defd177e63e500eef01ce7b58d91423daeae1: 5b3eb25a9ffaecbc110b860ef681fe0c2d235d46: in 
DEBUG: LC_ALL=C JX_LOG_LEVEL=error git branch
DEBUG: LC_ALL=C JX_LOG_LEVEL=error git checkout master
DEBUG: ran git checkout master in 
DEBUG: LC_ALL=C JX_LOG_LEVEL=error git reset --hard 5b3eb25a9ffaecbc110b860ef681fe0c2d235d46
DEBUG: ran git reset --hard 5b3eb25a9ffaecbc110b860ef681fe0c2d235d46 in 
DEBUG: LC_ALL=C JX_LOG_LEVEL=error git clean -fd .
DEBUG: ran clean --force -d . in 
DEBUG: LC_ALL=C JX_LOG_LEVEL=error git merge 8f1defd177e63e500eef01ce7b58d91423daeae1
DEBUG: ran git merge 8f1defd177e63e500eef01ce7b58d91423daeae1 in 
DEBUG: LC_ALL=C JX_LOG_LEVEL=error git log --format=%H%x1f%an%x1f%ae%x1f%cn%x1f%ce%x1f%s%n%b%x1e 5b3eb25a9ffaecbc110b860ef681fe0c2d235d46..HEAD
Merged SHA 8f1defd177e63e500eef01ce7b58d91423daeae1 with commit message 'chore: Promote bdd-nh-1580215875 to version 0.0.1' into base branch master

Showing logs for build [32mcb-kubecd-environment-pr-1154-1-x2qt8-1[0m stage [32mfrom-build-pack[0m and container [32mstep-build-helm-build[0m
WARNING: No $CHART_REPOSITORY defined so using the default value of: http://jenkins-x-chartmuseum:8080
Adding missing Helm repo: storage.googleapis.com https://storage.googleapis.com/chartmuseum.jenkins-x.io
WARNING: No secrets found on "helm/repos" due: reading the secret "helm/repos" from vault: no secret "helm/repos" not found in vault
Read credentials for https://storage.googleapis.com/chartmuseum.jenkins-x.io from vault helm/repos
Successfully added Helm repository storage.googleapis.com.
Adding missing Helm repo: jenkins-x-chartmuseum http://jenkins-x-chartmuseum:8080
WARNING: No secrets found on "helm/repos" due: reading the secret "helm/repos" from vault: no secret "helm/repos" not found in vault
Read credentials for http://jenkins-x-chartmuseum:8080 from vault helm/repos
Successfully added Helm repository jenkins-x-chartmuseum.
WARNING: No $CHART_REPOSITORY defined so using the default value of: http://jenkins-x-chartmuseum:8080
Adding missing Helm repo: chartmuseum.jenkins-x.io http://chartmuseum.jenkins-x.io
WARNING: No secrets found on "helm/repos" due: reading the secret "helm/repos" from vault: no secret "helm/repos" not found in vault
Read credentials for http://chartmuseum.jenkins-x.io from vault helm/repos
Successfully added Helm repository chartmuseum.jenkins-x.io.
